\BOOKMARK [1][-]{section.1}{\376\377\000P\000r\000o\000j\000e\000k\000t\000\040\000\301\000t\000t\000e\000k\000i\000n\000t\000\351\000s}{}% 1
\BOOKMARK [1][-]{section.2}{\376\377\000M\000\363\000d\000s\000z\000e\000r\000t\000a\000n}{}% 2
\BOOKMARK [1][-]{section.3}{\376\377\000D\000a\000t\000a\000s\000e\000t}{}% 3
\BOOKMARK [2][-]{subsection.3.1}{\376\377\000h\000u\000B\000E\000R\000T\000\040\000b\000e\000m\000u\000t\000a\000t\000\341\000s\000a}{section.3}% 4
\BOOKMARK [2][-]{subsection.3.2}{\376\377\000A\000\040\000h\000u\000B\000E\000R\000T\000\040\000a\000l\000k\000a\000l\000m\000a\000z\000\341\000s\000i\000\040\000l\000e\000h\000e\000t\001\121\000s\000\351\000g\000e\000i}{section.3}% 5
\BOOKMARK [1][-]{section.4}{\376\377\000I\000m\000p\000l\000e\000m\000e\000n\000t\000\341\000c\000i\000\363}{}% 6
\BOOKMARK [2][-]{subsection.4.1}{\376\377\000A\000l\000a\000p\000v\000e\000t\001\121\000\040\000P\000y\000t\000h\000o\000n\000\040\000K\000\366\000n\000y\000v\000t\000\341\000r\000a\000k}{section.4}% 7
\BOOKMARK [2][-]{subsection.4.2}{\376\377\000A\000d\000a\000t\000g\000y\001\161\000j\000t\000\351\000s\000\040\000\351\000s\000\040\000F\000e\000l\000d\000o\000l\000g\000o\000z\000\341\000s}{section.4}% 8
\BOOKMARK [2][-]{subsection.4.3}{\376\377\000A\000d\000a\000t\000b\000\341\000z\000i\000s\000\040\000K\000a\000p\000c\000s\000o\000l\000a\000t\000o\000k}{section.4}% 9
\BOOKMARK [2][-]{subsection.4.4}{\376\377\000W\000e\000b\000e\000s\000\040\000F\000e\000l\000\374\000l\000e\000t}{section.4}% 10
\BOOKMARK [2][-]{subsection.4.5}{\376\377\000M\000a\000c\000h\000i\000n\000e\000\040\000L\000e\000a\000r\000n\000i\000n\000g\000\040\000\351\000s\000\040\000N\000L\000P}{section.4}% 11
\BOOKMARK [3][-]{subsubsection.4.5.1}{\376\377\000P\000y\000T\000o\000r\000c\000h\000\040\000K\000\366\000n\000y\000v\000t\000\341\000r\000a\000k}{subsection.4.5}% 12
\BOOKMARK [3][-]{subsubsection.4.5.2}{\376\377\000N\000L\000P\000-\000s\000p\000e\000c\000i\000f\000i\000k\000u\000s\000\040\000K\000\366\000n\000y\000v\000t\000\341\000r\000a\000k}{subsection.4.5}% 13
\BOOKMARK [2][-]{subsection.4.6}{\376\377\000A\000d\000a\000t\000e\000l\000e\000m\000z\000\351\000s}{section.4}% 14
\BOOKMARK [2][-]{subsection.4.7}{\376\377\000K\000o\000n\000t\000\351\000n\000e\000r\000i\000z\000\341\000c\000i\000\363}{section.4}% 15
\BOOKMARK [2][-]{subsection.4.8}{\376\377\000F\000\374\000g\000g\001\121\000s\000\351\000g\000e\000k}{section.4}% 16
\BOOKMARK [1][-]{section.5}{\376\377\000A\000l\000a\000p\000v\000e\000t\001\121\000\040\000s\000z\000e\000n\000t\000i\000m\000e\000n\000t\000\040\000a\000n\000a\000l\000\355\000z\000i\000s\000\040\000m\000o\000d\000e\000l\000l\000\040\000e\000l\000k\000\351\000s\000z\000\355\000t\000\351\000s\000e}{}% 17
\BOOKMARK [2][-]{subsection.5.1}{\376\377\0001\000.\000\040\000l\000\351\000p\000\351\000s\000:\000\040\000A\000z\000\040\000e\000l\001\121\000r\000e\000\040\000t\000a\000n\000\355\000t\000o\000t\000t\000\040\000B\000E\000R\000T\000\040\000m\000o\000d\000e\000l\000l\000\040\000b\000e\000t\000\366\000l\000t\000\351\000s\000e\000\040\000\351\000s\000\040\000a\000\040\000t\000a\000n\000\355\000t\000\341\000s\000\040\000f\000e\000l\000p\000a\000r\000a\000m\000\351\000t\000e\000r\000e\000z\000\351\000s\000e}{section.5}% 18
\BOOKMARK [3][-]{subsubsection.5.1.1}{\376\377\000B\000a\000t\000c\000h\000\040\000s\000i\000z\000e}{subsection.5.1}% 19
\BOOKMARK [3][-]{subsubsection.5.1.2}{\376\377\000M\000a\000x\000\040\000l\000e\000n\000g\000t\000h}{subsection.5.1}% 20
\BOOKMARK [3][-]{subsubsection.5.1.3}{\376\377\000N\000u\000m\000\040\000c\000l\000a\000s\000s\000e\000s\000\040\000\351\000s\000\040\000L\000a\000b\000e\000l\000\040\000m\000a\000p}{subsection.5.1}% 21
\BOOKMARK [3][-]{subsubsection.5.1.4}{\376\377\000E\000p\000o\000c\000h\000s}{subsection.5.1}% 22
\BOOKMARK [3][-]{subsubsection.5.1.5}{\376\377\000L\000e\000a\000r\000n\000i\000n\000g\000\040\000r\000a\000t\000e}{subsection.5.1}% 23
\BOOKMARK [2][-]{subsection.5.2}{\376\377\0002\000.\000\040\000l\000\351\000p\000\351\000s\000:\000\040\000A\000d\000a\000t\000o\000k\000\040\000b\000e\000t\000\366\000l\000t\000\351\000s\000e\000,\000\040\000e\000l\001\121\000f\000e\000l\000d\000o\000l\000g\000o\000z\000\341\000s\000a\000,\000\040\000t\000o\000k\000e\000n\000i\000z\000\341\000c\000i\000\363}{section.5}% 24
\BOOKMARK [3][-]{subsubsection.5.2.1}{\376\377\000T\000o\000k\000e\000n\000i\000z\000\341\000c\000i\000\363}{subsection.5.2}% 25
\BOOKMARK [2][-]{subsection.5.3}{\376\377\0003\000.\000\040\000l\000\351\000p\000\351\000s\000:\000\040\000T\000a\000n\000\355\000t\000\341\000s\000,\000\040\000e\000l\000k\000\351\000s\000z\000\374\000l\000t\000\040\000m\000o\000d\000e\000l\000l\000\040\000m\000e\000n\000t\000\351\000s\000e}{section.5}% 26
\BOOKMARK [1][-]{section.6}{\376\377\000A\000z\000\040\000e\000l\000k\000\351\000s\000z\000\374\000l\000t\000\040\000m\000o\000d\000e\000l\000l\000\040\000f\000e\000l\000h\000a\000s\000z\000n\000\341\000l\000\341\000s\000a}{}% 27
\BOOKMARK [2][-]{subsection.6.1}{\376\377\000F\000u\000t\000t\000a\000t\000\341\000s\000\040\000P\000y\000t\000h\000o\000n\000\040\000f\000\341\000j\000l\000b\000\363\000l}{section.6}% 28
\BOOKMARK [2][-]{subsection.6.2}{\376\377\000F\000u\000t\000t\000a\000t\000\341\000s\000\040\000W\000e\000b\000-\000e\000s\000\040\000f\000e\000l\000\374\000l\000e\000t\000t\000e\000l}{section.6}% 29
\BOOKMARK [2][-]{subsection.6.3}{\376\377\000W\000e\000b\000-\000e\000s\000\040\000s\000z\000o\000l\000g\000\341\000l\000t\000a\000t\000\341\000s\000o\000k}{section.6}% 30
\BOOKMARK [2][-]{subsection.6.4}{\376\377\000A\000d\000a\000t\000b\000\341\000z\000i\000s\000\040\000m\000o\000d\000e\000l\000l}{section.6}% 31
\BOOKMARK [2][-]{subsection.6.5}{\376\377\000A\000d\000a\000t\000b\000\341\000z\000i\000s\000\040\000k\000a\000p\000c\000s\000o\000l\000a\000t\000o\000k}{section.6}% 32
\BOOKMARK [2][-]{subsection.6.6}{\376\377\000D\000o\000c\000k\000e\000r\000\040\000\351\000s\000\040\000D\000o\000c\000k\000e\000r\000\040\000C\000o\000m\000p\000o\000s\000e}{section.6}% 33
\BOOKMARK [2][-]{subsection.6.7}{\376\377\000D\000o\000c\000k\000e\000r\000\040\000f\000\341\000j\000l\000o\000k}{section.6}% 34
\BOOKMARK [1][-]{section.7}{\376\377\000F\000o\000r\000r\000\341\000s\000o\000k}{}% 35
